TN:
SF:background/handlers/auth-handler.ts
FN:17,validateAPIEndpoint
FN:22,(anonymous_2)
FN:41,getConfig
FN:59,isAuthError
FN:67,getJWTCookie
FN:91,(anonymous_6)
FN:104,(anonymous_7)
FN:112,(anonymous_8)
FN:116,(anonymous_9)
FN:120,(anonymous_10)
FN:129,(anonymous_11)
FN:154,openLoginPage
FN:184,makeAPIRequest
FN:207,(anonymous_14)
FN:270,(anonymous_15)
FNF:15
FNH:0
FNDA:0,validateAPIEndpoint
FNDA:0,(anonymous_2)
FNDA:0,getConfig
FNDA:0,isAuthError
FNDA:0,getJWTCookie
FNDA:0,(anonymous_6)
FNDA:0,(anonymous_7)
FNDA:0,(anonymous_8)
FNDA:0,(anonymous_9)
FNDA:0,(anonymous_10)
FNDA:0,(anonymous_11)
FNDA:0,openLoginPage
FNDA:0,makeAPIRequest
FNDA:0,(anonymous_14)
FNDA:0,(anonymous_15)
DA:1,1
DA:2,1
DA:4,1
DA:6,1
DA:7,1
DA:12,1
DA:17,1
DA:18,0
DA:19,0
DA:20,0
DA:22,0
DA:23,0
DA:26,0
DA:27,0
DA:28,0
DA:31,0
DA:33,0
DA:34,0
DA:41,1
DA:42,0
DA:44,0
DA:45,0
DA:46,0
DA:48,0
DA:49,0
DA:53,0
DA:59,1
DA:60,0
DA:67,1
DA:68,0
DA:69,0
DA:70,0
DA:73,0
DA:74,0
DA:76,0
DA:77,0
DA:80,0
DA:81,0
DA:82,0
DA:84,0
DA:86,0
DA:87,0
DA:88,0
DA:90,0
DA:91,0
DA:94,0
DA:95,0
DA:99,0
DA:100,0
DA:101,0
DA:103,0
DA:104,0
DA:107,0
DA:108,0
DA:109,0
DA:111,0
DA:112,0
DA:115,0
DA:116,0
DA:118,0
DA:120,0
DA:121,0
DA:128,0
DA:129,0
DA:130,0
DA:131,0
DA:135,0
DA:136,0
DA:137,0
DA:138,0
DA:141,0
DA:142,0
DA:143,0
DA:145,0
DA:146,0
DA:154,1
DA:155,0
DA:156,0
DA:157,0
DA:160,0
DA:162,0
DA:163,0
DA:165,0
DA:166,0
DA:167,0
DA:170,0
DA:173,0
DA:174,0
DA:184,1
DA:190,0
DA:192,0
DA:193,0
DA:200,0
DA:201,0
DA:204,0
DA:205,0
DA:207,0
DA:208,0
DA:213,0
DA:214,0
DA:215,0
DA:216,0
DA:218,0
DA:219,0
DA:220,0
DA:222,0
DA:224,0
DA:226,0
DA:228,0
DA:230,0
DA:231,0
DA:232,0
DA:235,0
DA:236,0
DA:237,0
DA:238,0
DA:239,0
DA:240,0
DA:241,0
DA:243,0
DA:245,0
DA:247,0
DA:252,0
DA:255,0
DA:257,0
DA:259,0
DA:263,0
DA:264,0
DA:265,0
DA:267,0
DA:268,0
DA:269,0
DA:270,0
DA:271,0
DA:272,0
DA:275,0
DA:278,0
DA:281,0
DA:288,0
DA:289,0
DA:297,0
DA:299,0
DA:301,0
DA:302,0
DA:303,0
DA:305,0
DA:307,0
DA:308,0
DA:313,0
DA:314,0
DA:316,0
DA:319,0
DA:321,0
DA:322,0
DA:330,0
DA:331,0
DA:333,0
DA:334,0
DA:337,0
DA:340,0
DA:341,0
DA:343,0
DA:348,0
DA:351,0
DA:353,0
DA:355,0
DA:356,0
DA:364,0
DA:365,0
DA:367,0
DA:368,0
DA:373,0
DA:374,0
DA:376,0
LF:174
LH:12
BRDA:23,0,0,0
BRDA:23,0,1,0
BRDA:26,1,0,0
BRDA:26,1,1,0
BRDA:44,2,0,0
BRDA:44,2,1,0
BRDA:46,3,0,0
BRDA:46,3,1,0
BRDA:46,3,2,0
BRDA:48,4,0,0
BRDA:48,4,1,0
BRDA:48,5,0,0
BRDA:48,5,1,0
BRDA:60,6,0,0
BRDA:60,6,1,0
BRDA:60,7,0,0
BRDA:60,7,1,0
BRDA:60,8,0,0
BRDA:60,8,1,0
BRDA:60,9,0,0
BRDA:60,9,1,0
BRDA:60,10,0,0
BRDA:60,10,1,0
BRDA:74,11,0,0
BRDA:74,11,1,0
BRDA:90,12,0,0
BRDA:90,12,1,0
BRDA:95,13,0,0
BRDA:95,13,1,0
BRDA:103,14,0,0
BRDA:103,14,1,0
BRDA:111,15,0,0
BRDA:111,15,1,0
BRDA:121,16,0,0
BRDA:121,16,1,0
BRDA:121,16,2,0
BRDA:121,16,3,0
BRDA:121,16,4,0
BRDA:128,17,0,0
BRDA:128,17,1,0
BRDA:131,18,0,0
BRDA:131,18,1,0
BRDA:131,18,2,0
BRDA:135,19,0,0
BRDA:135,19,1,0
BRDA:156,20,0,0
BRDA:156,20,1,0
BRDA:156,21,0,0
BRDA:156,21,1,0
BRDA:156,22,0,0
BRDA:156,22,1,0
BRDA:165,23,0,0
BRDA:165,23,1,0
BRDA:188,24,0,0
BRDA:194,25,0,0
BRDA:194,25,1,0
BRDA:194,26,0,0
BRDA:194,26,1,0
BRDA:195,27,0,0
BRDA:195,27,1,0
BRDA:195,28,0,0
BRDA:195,28,1,0
BRDA:196,29,0,0
BRDA:196,29,1,0
BRDA:196,30,0,0
BRDA:196,30,1,0
BRDA:196,31,0,0
BRDA:196,31,1,0
BRDA:196,32,0,0
BRDA:196,32,1,0
BRDA:196,33,0,0
BRDA:196,33,1,0
BRDA:197,34,0,0
BRDA:197,34,1,0
BRDA:197,35,0,0
BRDA:197,35,1,0
BRDA:197,36,0,0
BRDA:197,36,1,0
BRDA:200,37,0,0
BRDA:200,37,1,0
BRDA:200,38,0,0
BRDA:200,38,1,0
BRDA:200,39,0,0
BRDA:200,39,1,0
BRDA:204,40,0,0
BRDA:204,40,1,0
BRDA:207,41,0,0
BRDA:213,42,0,0
BRDA:213,42,1,0
BRDA:216,43,0,0
BRDA:216,43,1,0
BRDA:218,44,0,0
BRDA:218,44,1,0
BRDA:219,45,0,0
BRDA:219,45,1,0
BRDA:219,46,0,0
BRDA:219,46,1,0
BRDA:230,47,0,0
BRDA:230,47,1,0
BRDA:230,48,0,0
BRDA:230,48,1,0
BRDA:232,49,0,0
BRDA:232,49,1,0
BRDA:232,50,0,0
BRDA:232,50,1,0
BRDA:236,51,0,0
BRDA:236,51,1,0
BRDA:239,52,0,0
BRDA:239,52,1,0
BRDA:240,53,0,0
BRDA:240,53,1,0
BRDA:240,54,0,0
BRDA:240,54,1,0
BRDA:259,55,0,0
BRDA:259,55,1,0
BRDA:263,56,0,0
BRDA:263,56,1,0
BRDA:267,57,0,0
BRDA:267,57,1,0
BRDA:267,58,0,0
BRDA:267,58,1,0
BRDA:268,59,0,0
BRDA:268,59,1,0
BRDA:268,60,0,0
BRDA:268,60,1,0
BRDA:271,61,0,0
BRDA:271,61,1,0
BRDA:271,62,0,0
BRDA:271,62,1,0
BRDA:285,63,0,0
BRDA:285,63,1,0
BRDA:299,64,0,0
BRDA:299,64,1,0
BRDA:299,65,0,0
BRDA:299,65,1,0
BRDA:299,66,0,0
BRDA:299,66,1,0
BRDA:299,67,0,0
BRDA:299,67,1,0
BRDA:301,68,0,0
BRDA:301,68,1,0
BRDA:301,69,0,0
BRDA:301,69,1,0
BRDA:302,70,0,0
BRDA:302,70,1,0
BRDA:302,71,0,0
BRDA:302,71,1,0
BRDA:302,72,0,0
BRDA:302,72,1,0
BRDA:302,73,0,0
BRDA:302,73,1,0
BRDA:307,74,0,0
BRDA:307,74,1,0
BRDA:313,75,0,0
BRDA:313,75,1,0
BRDA:313,76,0,0
BRDA:313,76,1,0
BRDA:333,77,0,0
BRDA:333,77,1,0
BRDA:333,78,0,0
BRDA:333,78,1,0
BRDA:340,79,0,0
BRDA:340,79,1,0
BRDA:340,80,0,0
BRDA:340,80,1,0
BRDA:340,80,2,0
BRDA:340,81,0,0
BRDA:340,81,1,0
BRDA:340,82,0,0
BRDA:340,82,1,0
BRDA:348,83,0,0
BRDA:348,83,1,0
BRDA:348,84,0,0
BRDA:348,84,1,0
BRDA:367,85,0,0
BRDA:367,85,1,0
BRDA:367,86,0,0
BRDA:367,86,1,0
BRDA:373,87,0,0
BRDA:373,87,1,0
BRF:180
BRH:0
end_of_record
TN:
SF:background/handlers/event-buffer.ts
FN:20,bufferSDKEvent
FN:52,(anonymous_1)
FN:54,(anonymous_2)
FN:68,getBufferedEvents
FN:84,clearBufferedEvents
FNF:5
FNH:0
FNDA:0,bufferSDKEvent
FNDA:0,(anonymous_1)
FNDA:0,(anonymous_2)
FNDA:0,getBufferedEvents
FNDA:0,clearBufferedEvents
DA:1,1
DA:2,1
DA:4,1
DA:5,1
DA:20,1
DA:25,0
DA:27,0
DA:29,0
DA:30,0
DA:31,0
DA:32,0
DA:34,0
DA:40,0
DA:41,0
DA:43,0
DA:45,0
DA:46,0
DA:47,0
DA:49,0
DA:53,0
DA:55,0
DA:58,0
DA:59,0
DA:60,0
DA:68,1
DA:69,0
DA:71,0
DA:72,0
DA:73,0
DA:74,0
DA:76,0
DA:77,0
DA:84,1
DA:85,0
DA:87,0
DA:88,0
DA:89,0
DA:91,0
DA:92,0
LF:39
LH:7
BRDA:31,0,0,0
BRDA:31,0,1,0
BRDA:55,1,0,0
BRDA:55,1,1,0
BRDA:55,2,0,0
BRDA:55,2,1,0
BRDA:73,3,0,0
BRDA:73,3,1,0
BRDA:73,4,0,0
BRDA:73,4,1,0
BRDA:73,5,0,0
BRDA:73,5,1,0
BRDA:74,6,0,0
BRDA:74,6,1,0
BRF:14
BRH:0
end_of_record
TN:
SF:background/handlers/injection-handler.ts
FN:14,registerFileUrlContentScript
FN:58,isRestrictedUrl
FN:70,injectOrToggleSidebar
FN:92,toggleSidebarFunc
FN:113,(anonymous_4)
FN:180,initializeInjectionHandler
FN:185,(anonymous_6)
FN:191,(anonymous_7)
FNF:8
FNH:0
FNDA:0,registerFileUrlContentScript
FNDA:0,isRestrictedUrl
FNDA:0,injectOrToggleSidebar
FNDA:0,toggleSidebarFunc
FNDA:0,(anonymous_4)
FNDA:0,initializeInjectionHandler
FNDA:0,(anonymous_6)
FNDA:0,(anonymous_7)
DA:1,0
DA:14,0
DA:15,0
DA:16,0
DA:17,0
DA:18,0
DA:19,0
DA:20,0
DA:22,0
DA:30,0
DA:33,0
DA:34,0
DA:35,0
DA:36,0
DA:37,0
DA:38,0
DA:39,0
DA:40,0
DA:47,0
DA:50,0
DA:58,0
DA:59,0
DA:70,0
DA:71,0
DA:73,0
DA:74,0
DA:75,0
DA:78,0
DA:79,0
DA:84,0
DA:93,0
DA:94,0
DA:95,0
DA:96,0
DA:97,0
DA:99,0
DA:104,0
DA:105,0
DA:106,0
DA:108,0
DA:109,0
DA:110,0
DA:111,0
DA:112,0
DA:113,0
DA:114,0
DA:118,0
DA:119,0
DA:121,0
DA:122,0
DA:123,0
DA:124,0
DA:125,0
DA:128,0
DA:131,0
DA:133,0
DA:134,0
DA:136,0
DA:137,0
DA:139,0
DA:141,0
DA:142,0
DA:143,0
DA:161,0
DA:162,0
DA:163,0
DA:168,0
DA:170,0
DA:171,0
DA:173,0
DA:180,0
DA:181,0
DA:182,0
DA:183,0
DA:185,0
DA:186,0
DA:191,0
DA:192,0
DA:193,0
LF:79
LH:0
BRDA:19,0,0,0
BRDA:19,0,1,0
BRDA:19,1,0,0
BRDA:19,1,1,0
BRDA:38,2,0,0
BRDA:38,2,1,0
BRDA:38,3,0,0
BRDA:38,3,1,0
BRDA:59,4,0,0
BRDA:59,4,1,0
BRDA:59,4,2,0
BRDA:59,4,3,0
BRDA:73,5,0,0
BRDA:73,5,1,0
BRDA:94,6,0,0
BRDA:94,6,1,0
BRDA:99,7,0,0
BRDA:99,7,1,0
BRDA:99,7,2,0
BRDA:99,7,3,0
BRDA:104,8,0,0
BRDA:104,8,1,0
BRDA:109,9,0,0
BRDA:109,9,1,0
BRDA:121,10,0,0
BRDA:121,10,1,0
BRDA:122,11,0,0
BRDA:122,11,1,0
BRDA:133,12,0,0
BRDA:133,12,1,0
BRDA:186,13,0,0
BRDA:186,13,1,0
BRDA:186,14,0,0
BRDA:186,14,1,0
BRDA:192,15,0,0
BRDA:192,15,1,0
BRDA:192,16,0,0
BRDA:192,16,1,0
BRF:38
BRH:0
end_of_record
TN:
SF:background/handlers/storage-handler.ts
FN:9,handleStorageGet
FN:26,handleStorageSet
FN:41,handleStorageRemove
FN:55,getLocalStorage
FN:70,setLocalStorage
FN:84,getSecureStorage
FN:102,setSecureStorage
FNF:7
FNH:0
FNDA:0,handleStorageGet
FNDA:0,handleStorageSet
FNDA:0,handleStorageRemove
FNDA:0,getLocalStorage
FNDA:0,setLocalStorage
FNDA:0,getSecureStorage
FNDA:0,setSecureStorage
DA:1,1
DA:2,1
DA:9,1
DA:10,0
DA:11,0
DA:12,0
DA:13,0
DA:14,0
DA:16,0
DA:17,0
DA:26,1
DA:27,0
DA:28,0
DA:29,0
DA:30,0
DA:32,0
DA:33,0
DA:41,1
DA:42,0
DA:43,0
DA:44,0
DA:45,0
DA:47,0
DA:48,0
DA:55,1
DA:56,0
DA:57,0
DA:58,0
DA:59,0
DA:60,0
DA:62,0
DA:63,0
DA:70,1
DA:71,0
DA:72,0
DA:73,0
DA:74,0
DA:76,0
DA:77,0
DA:84,1
DA:85,0
DA:89,0
DA:90,0
DA:91,0
DA:92,0
DA:94,0
DA:95,0
DA:102,1
DA:103,0
DA:107,0
DA:108,0
DA:109,0
DA:111,0
DA:112,0
LF:54
LH:9
BRDA:91,0,0,0
BRDA:91,0,1,0
BRF:2
BRH:0
end_of_record
